{
  "RSpec": {
    "coverage": {
      "/opt/sites/kampuskoit/lib/reduce_validator.rb": [
        1,
        null,
        1,
        787,
        19,
        null,
        null
      ],
      "/opt/sites/kampuskoit/app/controllers/application_controller.rb": [
        1,
        1,
        1,
        null,
        null,
        1,
        0,
        null,
        null
      ],
      "/opt/sites/kampuskoit/app/helpers/application_helper.rb": [
        1,
        null
      ],
      "/opt/sites/kampuskoit/app/helpers/admins_helper.rb": [
        1,
        null
      ],
      "/opt/sites/kampuskoit/app/helpers/omniauth_helper.rb": [
        1,
        null,
        1,
        1,
        1,
        null,
        null,
        null,
        null,
        null,
        null,
        1,
        null
      ],
      "/opt/sites/kampuskoit/app/helpers/password_resets_helper.rb": [
        1,
        null
      ],
      "/opt/sites/kampuskoit/app/helpers/prodi_bidang_helper.rb": [
        1,
        null
      ],
      "/opt/sites/kampuskoit/app/helpers/sessions_helper.rb": [
        1,
        1,
        2,
        0,
        null,
        2,
        null,
        null,
        2,
        null,
        null,
        1,
        0,
        null,
        null,
        1,
        2,
        null,
        null,
        1,
        7,
        null,
        null,
        1,
        0,
        0,
        null,
        null,
        null,
        null,
        null,
        1,
        3,
        3,
        null,
        null,
        1,
        0,
        null,
        null,
        1,
        4,
        null,
        null,
        1,
        12,
        null,
        null,
        1,
        1,
        1,
        null,
        null,
        null
      ],
      "/opt/sites/kampuskoit/app/helpers/survey_alumnis_helper.rb": [
        1,
        null
      ],
      "/opt/sites/kampuskoit/app/controllers/admin_profiles_controller.rb": [
        1,
        null,
        1,
        0,
        null,
        null,
        1,
        null,
        null,
        null
      ],
      "/opt/sites/kampuskoit/app/controllers/admin_sessions_controller.rb": [
        1,
        1,
        null,
        1,
        9,
        0,
        null,
        null,
        null,
        1,
        5,
        5,
        null,
        3,
        3,
        null,
        null,
        2,
        2,
        null,
        null,
        null,
        1,
        1,
        1,
        null,
        null
      ],
      "/opt/sites/kampuskoit/app/controllers/admins_controller.rb": [
        1,
        1,
        null,
        1,
        null,
        1,
        6,
        null,
        null,
        1,
        2,
        null,
        null,
        1,
        2,
        null,
        2,
        null,
        null,
        null,
        null,
        1,
        null,
        1,
        null,
        null,
        null,
        1,
        1,
        null,
        null,
        1,
        1,
        1,
        1,
        null,
        0,
        null,
        null,
        null,
        1,
        0,
        0,
        0,
        null,
        null
      ],
      "/opt/sites/kampuskoit/app/models/admin.rb": [
        1,
        null,
        1,
        null,
        1,
        1,
        null,
        9,
        1,
        null,
        1,
        1,
        1,
        null,
        1,
        1,
        null,
        1,
        null,
        1,
        1,
        8,
        null,
        null
      ],
      "/opt/sites/kampuskoit/app/controllers/dashboard_controller.rb": [
        1,
        1,
        null,
        1,
        3,
        null,
        null
      ],
      "/opt/sites/kampuskoit/app/controllers/feedbacks_controller.rb": [
        1,
        1,
        0,
        0,
        0,
        0,
        null,
        0,
        null,
        null,
        null
      ],
      "/opt/sites/kampuskoit/app/models/feedback.rb": [
        1,
        null,
        1,
        null,
        1,
        1,
        null,
        null
      ],
      "/opt/sites/kampuskoit/app/controllers/home_controller.rb": [
        1,
        null,
        1,
        null,
        null,
        null,
        null,
        null,
        24,
        24,
        null,
        null,
        null,
        1,
        null,
        null,
        null,
        1,
        null,
        null,
        null
      ],
      "/opt/sites/kampuskoit/app/controllers/jenis_pts_controller.rb": [
        1,
        1,
        1,
        null,
        1,
        3,
        null,
        null,
        null,
        1,
        2,
        null,
        null,
        1,
        1,
        1,
        1,
        null,
        0,
        null,
        null,
        null,
        1,
        2,
        null,
        null,
        1,
        1,
        1,
        1,
        null,
        0,
        null,
        null,
        null,
        1,
        0,
        0,
        0,
        null,
        null
      ],
      "/opt/sites/kampuskoit/app/models/jenis_pt.rb": [
        1,
        1,
        null,
        1,
        null
      ],
      "/opt/sites/kampuskoit/app/controllers/jenjang_prodis_controller.rb": [
        1,
        1,
        1,
        null,
        1,
        3,
        null,
        null,
        1,
        2,
        null,
        null,
        1,
        1,
        1,
        1,
        null,
        0,
        null,
        null,
        null,
        1,
        2,
        null,
        null,
        1,
        1,
        1,
        1,
        null,
        0,
        null,
        null,
        null,
        1,
        0,
        0,
        0,
        null,
        null
      ],
      "/opt/sites/kampuskoit/app/models/jenjang_prodi.rb": [
        1,
        1,
        null,
        1,
        null
      ],
      "/opt/sites/kampuskoit/app/controllers/kotas_controller.rb": [
        1,
        1,
        1,
        null,
        1,
        3,
        null,
        null,
        null,
        1,
        2,
        null,
        null,
        1,
        1,
        1,
        1,
        null,
        0,
        null,
        null,
        null,
        1,
        1,
        null,
        null,
        1,
        1,
        1,
        1,
        null,
        0,
        null,
        null,
        null,
        1,
        0,
        0,
        0,
        null,
        null,
        null,
        1,
        null,
        null
      ],
      "/opt/sites/kampuskoit/app/models/kota.rb": [
        1,
        1,
        1,
        null,
        1,
        1,
        null
      ],
      "/opt/sites/kampuskoit/app/controllers/password_resets_controller.rb": [
        1,
        null,
        1,
        0,
        null,
        null,
        null,
        1,
        0,
        null,
        0,
        0,
        0,
        0,
        null,
        0,
        null,
        null,
        null,
        1,
        0,
        null,
        null,
        1,
        0,
        0,
        0,
        0,
        0,
        null,
        0,
        null,
        null,
        null
      ],
      "/opt/sites/kampuskoit/app/controllers/prodi_bidangs_controller.rb": [
        1,
        1,
        null,
        1,
        3,
        null,
        null,
        1,
        1,
        null,
        null,
        1,
        1,
        1,
        1,
        null,
        0,
        null,
        null,
        null,
        1,
        1,
        null,
        null,
        1,
        1,
        1,
        1,
        null,
        0,
        null,
        null,
        null,
        1,
        0,
        0,
        0,
        null,
        null
      ],
      "/opt/sites/kampuskoit/app/models/prodi_bidang.rb": [
        1,
        null,
        1,
        1,
        null,
        1,
        1,
        null,
        1,
        null
      ],
      "/opt/sites/kampuskoit/app/controllers/prodi_galleries_controller.rb": [
        1,
        1,
        0,
        null,
        0,
        null,
        0,
        0,
        null,
        0,
        null,
        null,
        null,
        null,
        1,
        0,
        0,
        0,
        0,
        null,
        null
      ],
      "/opt/sites/kampuskoit/app/models/prodi_gallery.rb": [
        1,
        1,
        null,
        1,
        1,
        1,
        1,
        null,
        1,
        null
      ],
      "/opt/sites/kampuskoit/app/uploaders/prodigalleries_uploader.rb": [
        null,
        null,
        1,
        null,
        null,
        1,
        null,
        null,
        null,
        null,
        null,
        null,
        null,
        1,
        null,
        null,
        null,
        null,
        1,
        12,
        null,
        null,
        null,
        null,
        null,
        null,
        null,
        null,
        null,
        null,
        null,
        null,
        null,
        null,
        null,
        null,
        null,
        null,
        1,
        null,
        1,
        null,
        null,
        1,
        null,
        1,
        null,
        null,
        null,
        null,
        null,
        null,
        null,
        null,
        null,
        null,
        1,
        16,
        null,
        null
      ],
      "/opt/sites/kampuskoit/app/controllers/prodis_controller.rb": [
        1,
        1,
        null,
        1,
        0,
        0,
        null,
        0,
        0,
        0,
        null,
        null,
        null,
        null,
        null,
        0,
        0,
        null,
        0,
        0,
        0,
        0,
        null,
        0,
        0,
        0,
        0,
        null,
        null,
        0,
        null,
        null,
        null,
        0,
        0,
        0,
        null,
        0,
        0,
        null,
        null,
        null,
        1,
        4,
        4,
        null,
        null,
        1,
        1,
        null,
        1,
        1,
        null,
        0,
        null,
        null,
        null,
        1,
        2,
        2,
        2,
        2,
        null,
        null,
        null,
        1,
        1,
        1,
        null,
        1,
        null,
        0,
        0,
        0,
        null,
        null,
        null,
        1,
        0,
        0,
        0,
        0,
        null,
        null,
        1,
        null,
        null,
        2,
        null,
        0,
        null,
        2,
        null,
        2,
        null,
        null,
        1,
        null,
        null,
        null
      ],
      "/opt/sites/kampuskoit/app/models/prodi.rb": [
        1,
        1,
        1,
        null,
        1,
        1,
        1,
        1,
        1,
        1,
        1,
        1,
        1,
        1,
        1,
        null,
        1,
        1,
        1,
        1,
        1,
        1,
        1,
        1,
        1,
        null,
        1,
        1,
        null,
        null,
        1,
        null,
        1,
        1,
        1,
        null,
        1,
        null,
        null,
        1,
        null,
        1,
        78,
        69,
        null,
        null,
        null,
        null
      ],
      "/opt/sites/kampuskoit/app/uploaders/prodi_logo_uploader.rb": [
        null,
        null,
        1,
        null,
        null,
        1,
        null,
        null,
        null,
        null,
        null,
        null,
        null,
        1,
        null,
        null,
        null,
        null,
        1,
        2,
        null,
        null,
        null,
        null,
        null,
        null,
        null,
        null,
        null,
        null,
        null,
        null,
        null,
        null,
        null,
        null,
        null,
        null,
        1,
        null,
        1,
        null,
        null,
        null,
        null,
        1,
        4,
        null,
        null,
        null,
        null,
        null,
        null,
        null,
        null
      ],
      "/opt/sites/kampuskoit/app/uploaders/prodi_featured_image_uploader.rb": [
        null,
        null,
        1,
        null,
        null,
        1,
        null,
        null,
        null,
        null,
        null,
        null,
        null,
        1,
        null,
        null,
        null,
        null,
        1,
        0,
        null,
        null,
        null,
        null,
        null,
        null,
        null,
        null,
        null,
        null,
        null,
        null,
        null,
        null,
        null,
        null,
        null,
        null,
        1,
        null,
        1,
        null,
        null,
        null,
        null,
        1,
        0,
        null,
        null,
        null,
        null,
        null,
        null,
        null,
        null
      ],
      "/opt/sites/kampuskoit/app/uploaders/prodi_silabus_uploader.rb": [
        null,
        null,
        1,
        null,
        null,
        null,
        null,
        null,
        null,
        null,
        null,
        null,
        null,
        1,
        null,
        null,
        null,
        null,
        1,
        0,
        null,
        null,
        null,
        null,
        null,
        null,
        null,
        null,
        null,
        null,
        null,
        null,
        null,
        null,
        null,
        null,
        null,
        null,
        null,
        null,
        null,
        null,
        null,
        null,
        1,
        0,
        null,
        null,
        null,
        null,
        null,
        null,
        null,
        null
      ],
      "/opt/sites/kampuskoit/app/controllers/provinsis_controller.rb": [
        1,
        1,
        1,
        null,
        1,
        3,
        null,
        null,
        null,
        1,
        2,
        null,
        null,
        1,
        1,
        1,
        1,
        null,
        0,
        null,
        null,
        null,
        1,
        2,
        null,
        null,
        1,
        1,
        1,
        1,
        null,
        0,
        null,
        null,
        null,
        1,
        0,
        0,
        0,
        null,
        null
      ],
      "/opt/sites/kampuskoit/app/models/provinsi.rb": [
        1,
        1,
        1,
        1,
        null,
        1,
        null
      ],
      "/opt/sites/kampuskoit/app/controllers/ranking_controller.rb": [
        1,
        1,
        1,
        1,
        null,
        null,
        null,
        1,
        1,
        null,
        1,
        0,
        0,
        0,
        1,
        0,
        0,
        null,
        null,
        null,
        1,
        null,
        null,
        null,
        null,
        null,
        null,
        0,
        0,
        0,
        null,
        0,
        null,
        null,
        0,
        null,
        null
      ],
      "/opt/sites/kampuskoit/app/controllers/search_controller.rb": [
        1,
        null,
        1,
        null,
        null,
        null,
        1,
        null,
        1,
        null,
        1,
        0,
        0,
        0,
        0,
        1,
        1,
        1,
        1,
        1,
        null,
        null,
        null
      ],
      "/opt/sites/kampuskoit/app/controllers/sessions_controller.rb": [
        1,
        1,
        7,
        0,
        null,
        7,
        null,
        null,
        null,
        1,
        4,
        4,
        null,
        2,
        2,
        null,
        null,
        2,
        2,
        null,
        null,
        null,
        1,
        0,
        0,
        0,
        null,
        null,
        1,
        0,
        0,
        null,
        null
      ],
      "/opt/sites/kampuskoit/app/controllers/subscribers_controller.rb": [
        1,
        null,
        1,
        1,
        1,
        null,
        null,
        1,
        4,
        null,
        null,
        null,
        1,
        1,
        null,
        null,
        1,
        4,
        null,
        4,
        null,
        null,
        2,
        2,
        2,
        null,
        2,
        null,
        null,
        null,
        1,
        null,
        2,
        2,
        1,
        1,
        null,
        1,
        null,
        0,
        null,
        null,
        1,
        null,
        null,
        null,
        1,
        0,
        0,
        0,
        null,
        null
      ],
      "/opt/sites/kampuskoit/app/models/subscriber.rb": [
        1,
        null,
        1,
        1,
        1,
        1,
        1,
        1,
        1,
        null,
        1,
        1,
        null,
        1,
        null,
        1,
        null,
        149,
        1,
        null,
        1,
        1,
        1,
        null,
        1,
        1,
        null,
        null,
        null,
        1,
        null,
        null,
        null,
        null,
        null,
        1,
        0,
        0,
        0,
        null,
        0,
        null,
        null,
        1,
        1,
        148,
        null,
        null,
        1,
        19,
        19,
        15,
        15,
        15,
        15,
        15,
        15,
        15,
        15,
        15,
        15,
        15,
        null,
        null,
        4,
        4,
        4,
        4,
        null,
        null,
        null
      ],
      "/opt/sites/kampuskoit/app/controllers/survey_alumnis_controller.rb": [
        1,
        1,
        1,
        null,
        null,
        null,
        1,
        0,
        0,
        0,
        0,
        null,
        0,
        0,
        null,
        0,
        null,
        null,
        null
      ],
      "/opt/sites/kampuskoit/app/models/survey_alumni.rb": [
        1,
        1,
        null,
        1,
        1,
        null
      ],
      "/opt/sites/kampuskoit/app/controllers/univgalleries_controller.rb": [
        1,
        1,
        0,
        null,
        0,
        0,
        null,
        0,
        null,
        null,
        null,
        1,
        0,
        0,
        0,
        null,
        null
      ],
      "/opt/sites/kampuskoit/app/models/univgallery.rb": [
        1,
        1,
        null,
        1,
        1,
        1,
        1,
        null,
        1,
        null
      ],
      "/opt/sites/kampuskoit/app/uploaders/univgalleries_uploader.rb": [
        null,
        null,
        1,
        null,
        null,
        1,
        null,
        null,
        null,
        null,
        null,
        null,
        null,
        1,
        null,
        null,
        null,
        null,
        1,
        12,
        null,
        null,
        null,
        null,
        null,
        null,
        null,
        null,
        null,
        null,
        null,
        null,
        null,
        null,
        null,
        null,
        null,
        null,
        1,
        null,
        1,
        null,
        null,
        1,
        null,
        1,
        null,
        null,
        null,
        null,
        1,
        72,
        null,
        null,
        null,
        null,
        null,
        null,
        null,
        null
      ],
      "/opt/sites/kampuskoit/app/controllers/univs_controller.rb": [
        1,
        1,
        null,
        1,
        1,
        1,
        null,
        1,
        null,
        1,
        1,
        null,
        null,
        1,
        null,
        1,
        0,
        null,
        null,
        1,
        1,
        null,
        1,
        null,
        null,
        1,
        1,
        1,
        null,
        1,
        1,
        null,
        null,
        1,
        4,
        4,
        null,
        null,
        1,
        1,
        1,
        1,
        null,
        0,
        null,
        null,
        null,
        1,
        2,
        2,
        2,
        2,
        null,
        null,
        1,
        1,
        1,
        null,
        1,
        null,
        0,
        0,
        0,
        null,
        null,
        null,
        1,
        0,
        0,
        0,
        null,
        0,
        0,
        0,
        null,
        null,
        0,
        null,
        null,
        1,
        null,
        2,
        0,
        null,
        2,
        null,
        2,
        null,
        null
      ],
      "/opt/sites/kampuskoit/app/models/univ.rb": [
        1,
        1,
        1,
        null,
        1,
        1,
        1,
        1,
        1,
        1,
        1,
        1,
        1,
        null,
        1,
        1,
        1,
        1,
        1,
        1,
        1,
        null,
        1,
        null,
        1,
        null,
        null,
        1,
        null,
        1,
        1,
        null,
        1,
        null,
        null,
        1,
        null,
        1,
        184,
        175,
        null,
        null,
        null
      ],
      "/opt/sites/kampuskoit/app/uploaders/univ_logo_uploader.rb": [
        null,
        null,
        1,
        null,
        null,
        1,
        null,
        null,
        null,
        null,
        null,
        null,
        null,
        1,
        null,
        null,
        null,
        null,
        1,
        2,
        null,
        null,
        null,
        null,
        null,
        null,
        null,
        null,
        null,
        null,
        null,
        null,
        null,
        null,
        null,
        null,
        null,
        null,
        1,
        null,
        1,
        null,
        null,
        null,
        null,
        1,
        4,
        null,
        null,
        null,
        null,
        null,
        null,
        null,
        null
      ],
      "/opt/sites/kampuskoit/app/uploaders/univ_featured_image_uploader.rb": [
        null,
        null,
        1,
        null,
        null,
        1,
        null,
        null,
        null,
        null,
        null,
        null,
        null,
        1,
        null,
        null,
        null,
        null,
        1,
        0,
        null,
        null,
        null,
        null,
        null,
        null,
        null,
        null,
        null,
        null,
        null,
        null,
        null,
        null,
        null,
        null,
        null,
        null,
        1,
        null,
        1,
        null,
        null,
        null,
        null,
        1,
        0,
        null,
        null,
        null,
        null,
        null,
        null,
        null,
        null
      ],
      "/opt/sites/kampuskoit/app/controllers/update_subscriber_profiles_controller.rb": [
        1,
        null,
        1,
        3,
        null,
        null,
        1,
        1,
        1,
        1,
        null,
        0,
        null,
        null,
        null
      ],
      "/opt/sites/kampuskoit/app/controllers/visitors_controller.rb": [
        1,
        null,
        1,
        1,
        1,
        null,
        null,
        1,
        3,
        3,
        1,
        1,
        1,
        null,
        2,
        2,
        null,
        null,
        null,
        1,
        0,
        0,
        0,
        null,
        null
      ],
      "/opt/sites/kampuskoit/app/models/visitor.rb": [
        1,
        null,
        1,
        3,
        null,
        1,
        1,
        null
      ],
      "/opt/sites/kampuskoit/app/indices/prodi_index.rb": [
        1,
        0,
        0,
        0,
        0,
        0,
        null,
        0,
        null,
        0,
        0,
        0,
        null
      ],
      "/opt/sites/kampuskoit/app/indices/univ_index.rb": [
        1,
        0,
        0,
        0,
        0,
        null,
        0,
        0,
        0,
        0,
        null
      ],
      "/opt/sites/kampuskoit/app/mailers/subscriber_mailer.rb": [
        1,
        1,
        null,
        1,
        4,
        null,
        null,
        4,
        4,
        4,
        8,
        4,
        null,
        null,
        null,
        1,
        null,
        0,
        0,
        0,
        0,
        null,
        null,
        null
      ],
      "/opt/sites/kampuskoit/app/mailers/visitor_mailer.rb": [
        1,
        1,
        null,
        1,
        3,
        3,
        6,
        3,
        null,
        null,
        null
      ],
      "/opt/sites/kampuskoit/app/models/ability.rb": [
        1,
        1,
        null,
        1,
        null,
        0,
        0,
        0,
        0,
        0,
        0,
        0,
        0,
        null,
        null,
        null
      ],
      "/opt/sites/kampuskoit/app/models/prodi_akreditasi.rb": [
        1,
        1,
        null,
        1,
        1,
        1,
        1,
        1,
        null
      ],
      "/opt/sites/kampuskoit/app/models/prodi_biaya.rb": [
        1,
        1,
        null,
        1,
        1,
        1,
        null
      ],
      "/opt/sites/kampuskoit/app/models/prodi_fasil.rb": [
        1,
        1,
        1,
        null,
        1,
        1,
        null
      ],
      "/opt/sites/kampuskoit/app/models/prodi_fasilitas_gallery.rb": [
        1,
        1,
        null
      ],
      "/opt/sites/kampuskoit/app/models/prodi_passing_grade.rb": [
        1,
        1,
        null
      ],
      "/opt/sites/kampuskoit/app/models/prodi_prestasi.rb": [
        1,
        1,
        null,
        1,
        1,
        1,
        null
      ],
      "/opt/sites/kampuskoit/app/models/prodi_silabus.rb": [
        1,
        1,
        null,
        1,
        1,
        1,
        1,
        1,
        1,
        null
      ],
      "/opt/sites/kampuskoit/app/models/subscriber_beasiswa.rb": [
        1,
        1,
        null,
        1,
        1,
        1,
        1,
        1,
        null
      ],
      "/opt/sites/kampuskoit/app/models/subscriber_organisasi.rb": [
        1,
        1,
        null,
        1,
        1,
        1,
        1,
        1,
        null
      ],
      "/opt/sites/kampuskoit/app/models/subscriber_pelatihan.rb": [
        1,
        1,
        null,
        1,
        1,
        1,
        1,
        1,
        1,
        null
      ],
      "/opt/sites/kampuskoit/app/models/subscriber_pendidikan.rb": [
        1,
        1,
        null,
        1,
        1,
        1,
        1,
        1,
        1,
        null
      ],
      "/opt/sites/kampuskoit/app/models/subscriber_pengalaman_kerja.rb": [
        1,
        1,
        null,
        1,
        1,
        1,
        1,
        1,
        1,
        null
      ],
      "/opt/sites/kampuskoit/app/models/subscriber_prestasi.rb": [
        1,
        1,
        null,
        1,
        1,
        1,
        1,
        1,
        null
      ],
      "/opt/sites/kampuskoit/app/models/subscriber_rekomendasi.rb": [
        1,
        1,
        null,
        1,
        1,
        1,
        null,
        1,
        1,
        1,
        null
      ],
      "/opt/sites/kampuskoit/app/models/univ_fasilitas_gallery.rb": [
        1,
        1,
        null,
        1,
        1,
        null
      ],
      "/opt/sites/kampuskoit/app/models/univbeasiswa.rb": [
        1,
        1,
        null,
        1,
        1,
        1,
        1,
        1,
        null
      ],
      "/opt/sites/kampuskoit/app/models/univbiaya.rb": [
        1,
        1,
        null,
        1,
        1,
        1,
        null,
        null
      ],
      "/opt/sites/kampuskoit/app/models/univfasilitas.rb": [
        1,
        1,
        1,
        null,
        1,
        1,
        null
      ],
      "/opt/sites/kampuskoit/app/models/univkerjasama.rb": [
        1,
        1,
        1,
        1,
        null
      ],
      "/opt/sites/kampuskoit/app/models/univprestasi.rb": [
        1,
        1,
        null,
        1,
        1,
        1,
        null
      ],
      "/opt/sites/kampuskoit/app/models/univranking.rb": [
        1,
        null,
        1,
        null,
        1,
        1,
        1,
        1,
        1,
        null,
        null,
        null,
        null,
        null,
        null,
        null,
        null,
        null
      ]
    },
    "timestamp": 1376890444
  }
}
